<?xml version="1.0" encoding="UTF-8"?>
<testng-results ignored="0" total="1" passed="1" failed="0" skipped="0">
  <reporter-output>
  </reporter-output>
  <suite started-at="2024-02-06T14:10:57 IST" name="GURU" finished-at="2024-02-06T14:11:06 IST" duration-ms="9018">
    <groups>
    </groups>
    <test started-at="2024-02-06T14:10:57 IST" name="login data" finished-at="2024-02-06T14:11:06 IST" duration-ms="9018">
      <class name="com.inetbanking.testcase.TC_Login_001">
        <test-method is-config="true" signature="setup(java.lang.String)[pri:0, instance:com.inetbanking.testcase.TC_Login_001@3e694b3f]" started-at="2024-02-06T14:10:57 IST" name="setup" finished-at="2024-02-06T14:11:02 IST" duration-ms="5251" status="PASS">
          <params>
            <param index="0">
              <value>
                <![CDATA[chrome]]>
              </value>
            </param>
          </params>
          <reporter-output>
          </reporter-output>
        </test-method> <!-- setup -->
        <test-method signature="loginTest()[pri:0, instance:com.inetbanking.testcase.TC_Login_001@3e694b3f]" started-at="2024-02-06T14:11:02 IST" name="loginTest" finished-at="2024-02-06T14:11:06 IST" duration-ms="3242" status="PASS">
          <reporter-output>
          </reporter-output>
        </test-method> <!-- loginTest -->
        <test-method is-config="true" signature="teardown()[pri:0, instance:com.inetbanking.testcase.TC_Login_001@3e694b3f]" started-at="2024-02-06T14:11:06 IST" name="teardown" finished-at="2024-02-06T14:11:06 IST" duration-ms="214" status="PASS">
          <reporter-output>
          </reporter-output>
        </test-method> <!-- teardown -->
      </class> <!-- com.inetbanking.testcase.TC_Login_001 -->
    </test> <!-- login data -->
  </suite> <!-- GURU -->
</testng-results>
